  stdafx.cpp
  ClassView.cpp
c:\cppgis2022\gmapv0\gmapapp\gmap-include.h(3): fatal error C1083: 无法打开包括文件: “GGeometry.h”: No such file or directory
  ColorFillStyleEditDlg.cpp
c:\cppgis2022\gmapv0\gmapapp\gmap-include.h(3): fatal error C1083: 无法打开包括文件: “GGeometry.h”: No such file or directory
  CoordSysDlg.cpp
c:\cppgis2022\gmapv0\gmapapp\gmap-include.h(3): fatal error C1083: 无法打开包括文件: “GGeometry.h”: No such file or directory
  CValueClassRenderDialog.cpp
c:\cppgis2022\gmapv0\gmapapp\gmap-include.h(3): fatal error C1083: 无法打开包括文件: “GGeometry.h”: No such file or directory
  GOGRImporter.cpp
c:\cppgis2022\gmapv0\gmapapp\gogrimporter.cpp(2): fatal error C1083: 无法打开包括文件: “ogrsf_frmts.h”: No such file or directory
  VtDataSourceMDBDlg.cpp
c:\cppgis2022\gmapv0\gmapapp\gmap-include.h(3): fatal error C1083: 无法打开包括文件: “GGeometry.h”: No such file or directory
  FileView.cpp
c:\cppgis2022\gmapv0\gmapapp\gmap-include.h(3): fatal error C1083: 无法打开包括文件: “GGeometry.h”: No such file or directory
  GMapApp.cpp
c:\cppgis2022\gmapv0\gmapapp\gmap-include.h(3): fatal error C1083: 无法打开包括文件: “GGeometry.h”: No such file or directory
  GMapAppDoc.cpp
c:\cppgis2022\gmapv0\gmapapp\gmap-include.h(3): fatal error C1083: 无法打开包括文件: “GGeometry.h”: No such file or directory
  GMapAppView.cpp
c:\cppgis2022\gmapv0\gmapapp\gmap-include.h(3): fatal error C1083: 无法打开包括文件: “GGeometry.h”: No such file or directory
  GMapDrawingImpl.cpp
c:\cppgis2022\gmapv0\gmapapp\gmapdrawingimpl.cpp(177): fatal error C1010: 在查找预编译头时遇到意外的文件结尾。是否忘记了向源中添加“#include "stdafx.h"”?
  GMapPanZoomTool.cpp
c:\cppgis2022\gmapv0\gmapapp\gmap-include.h(3): fatal error C1083: 无法打开包括文件: “GGeometry.h”: No such file or directory
  GraphicsLayerPropEditDlg.cpp
c:\cppgis2022\gmapv0\gmapapp\gmap-include.h(3): fatal error C1083: 无法打开包括文件: “GGeometry.h”: No such file or directory
  HatchFillStyleEditDlg.cpp
c:\cppgis2022\gmapv0\gmapapp\gmap-include.h(3): fatal error C1083: 无法打开包括文件: “GGeometry.h”: No such file or directory
  HatchStyleCombobox.cpp
c:\cppgis2022\gmapv0\gmapapp\gmap-include.h(3): fatal error C1083: 无法打开包括文件: “GGeometry.h”: No such file or directory
  ImageMerkerStyleEditDlg.cpp
c:\cppgis2022\gmapv0\gmapapp\gmap-include.h(3): fatal error C1083: 无法打开包括文件: “GGeometry.h”: No such file or directory
  LayerManagerDlg.cpp
c:\cppgis2022\gmapv0\gmapapp\gmap-include.h(3): fatal error C1083: 无法打开包括文件: “GGeometry.h”: No such file or directory
  MainFrm.cpp
c:\cppgis2022\gmapv0\gmapapp\gmap-include.h(3): fatal error C1083: 无法打开包括文件: “GGeometry.h”: No such file or directory
  OutputWnd.cpp
  ProgressDlg.cpp
c:\cppgis2022\gmapv0\gmapapp\gmap-include.h(3): fatal error C1083: 无法打开包括文件: “GGeometry.h”: No such file or directory
  正在生成代码...
  正在编译...
  PropertiesWnd.cpp
c:\cppgis2022\gmapv0\gmapapp\gmap-include.h(3): fatal error C1083: 无法打开包括文件: “GGeometry.h”: No such file or directory
  SimpleLineStyleEditDlg.cpp
c:\cppgis2022\gmapv0\gmapapp\gmap-include.h(3): fatal error C1083: 无法打开包括文件: “GGeometry.h”: No such file or directory
  SimpleRenderStyleEditDlg.cpp
c:\cppgis2022\gmapv0\gmapapp\gmap-include.h(3): fatal error C1083: 无法打开包括文件: “GGeometry.h”: No such file or directory
  StyleManagerDlg.cpp
c:\cppgis2022\gmapv0\gmapapp\gmap-include.h(3): fatal error C1083: 无法打开包括文件: “GGeometry.h”: No such file or directory
  TextureFillStyleEditDlg.cpp
c:\cppgis2022\gmapv0\gmapapp\gmap-include.h(3): fatal error C1083: 无法打开包括文件: “GGeometry.h”: No such file or directory
  ViewTree.cpp
  正在生成代码...
